<?xml version="1.0" encoding="UTF-8"?>
<!-- Generated by org.testng.reporters.JUnitReportReporter -->
<testsuite hostname="INravikantisanthoshs-MacBook-Pro.local" failures="0" tests="2" name="SampleTest" time="2.679" errors="0" timestamp="2022-05-13T16:21:08 IST" skipped="0">
  <testcase classname="SampleTest" name="shouldReturnUserDetailsWhenRequestMadeToGetSingleUser" time="0.218"/>
  <system-out/>
  <testcase classname="SampleTest" name="shouldRegisterNewUserWhenRequestMadeToRegister" time="2.461"/>
  <system-out/>
</testsuite> <!-- SampleTest -->
